  main.cpp
D:\Projets\3D_star_engine\opengl_engine_star\opengl_engine_star\Camera.h(15,31): warning C4305: 'initialisation' : troncation de 'double' à 'const float'
  (compiler le fichier source 'main.cpp')
  
  Mesh.cpp
D:\Projets\3D_star_engine\opengl_engine_star\opengl_engine_star\Mesh.cpp(52,25): warning C4267: 'return' : conversion de 'size_t' en 'unsigned int', perte possible de données
D:\Projets\3D_star_engine\opengl_engine_star\opengl_engine_star\Mesh.cpp(57,36): warning C4267: 'return' : conversion de 'size_t' en 'unsigned int', perte possible de données
D:\Projets\3D_star_engine\opengl_engine_star\opengl_engine_star\Mesh.cpp(62,24): warning C4267: 'return' : conversion de 'size_t' en 'unsigned int', perte possible de données
D:\Projets\3D_star_engine\opengl_engine_star\opengl_engine_star\Mesh.cpp(126,32): warning C4476: 'sscanf_s' : caractère de champ de type ' ' inconnu dans le spécificateur de format
D:\Projets\3D_star_engine\opengl_engine_star\opengl_engine_star\Mesh.cpp(126,61): warning C4474: 'sscanf_s' : trop d'arguments passés pour la chaîne de format
      D:\Projets\3D_star_engine\opengl_engine_star\opengl_engine_star\Mesh.cpp(126,61):
      les espaces réservés et leurs paramètres attendent des arguments 1 variadiques, mais des arguments 2 ont été fournis
  
  Renderer.cpp
D:\Projets\3D_star_engine\opengl_engine_star\opengl_engine_star\Camera.h(15,31): warning C4305: 'initialisation' : troncation de 'double' à 'const float'
  (compiler le fichier source 'Renderer.cpp')
  
D:\Projets\3D_star_engine\opengl_engine_star\opengl_engine_star\Renderer.cpp(19,25): warning C4305: 'argument' : troncation de 'double' à 'GLfloat'
D:\Projets\3D_star_engine\opengl_engine_star\opengl_engine_star\Renderer.cpp(19,20): warning C4305: 'argument' : troncation de 'double' à 'GLfloat'
D:\Projets\3D_star_engine\opengl_engine_star\opengl_engine_star\Renderer.cpp(19,15): warning C4305: 'argument' : troncation de 'double' à 'GLfloat'
  Window.cpp
D:\Projets\3D_star_engine\opengl_engine_star\opengl_engine_star\Camera.h(15,31): warning C4305: 'initialisation' : troncation de 'double' à 'const float'
  (compiler le fichier source 'Window.cpp')
  
D:\Projets\3D_star_engine\opengl_engine_star\opengl_engine_star\Window.cpp(51,37): warning C4267: 'argument' : conversion de 'size_t' en 'int', perte possible de données
  Génération de code en cours...
D:\Projets\3D_star_engine\opengl_engine_star\opengl_engine_star\Window.cpp(44,1): warning C4715: 'Window::initWindow' : les chemins de contrôle ne retournent pas tous une valeur
D:\Projets\3D_star_engine\opengl_engine_star\opengl_engine_star\Shader.h(50,1): warning C4172: retour de l’adresse de la variable locale ou temporaire : vertex_program
D:\Projets\3D_star_engine\opengl_engine_star\opengl_engine_star\Shader.h(73,1): warning C4172: retour de l’adresse de la variable locale ou temporaire : fragment_program
LINK : warning LNK4098: conflit entre la bibliothèque par défaut 'MSVCRT' et les autres bibliothèques ; utilisez /NODEFAULTLIB:library
  opengl_engine_star.vcxproj -> D:\Projets\3D_star_engine\opengl_engine_star\x64\Debug\opengl_engine_star.exe
